2020-01-09 21:53:54.721  INFO 4924 --- [restartedMain] cn.smm.zy.ZyApplication                  : Starting ZyApplication on PC-20191029PWXM with PID 4924 (G:\zy11\zy\target\classes started by Administrator in G:\zy11\zy)
2020-01-09 21:53:54.755  INFO 4924 --- [restartedMain] cn.smm.zy.ZyApplication                  : No active profile set, falling back to default profiles: default
2020-01-09 21:53:55.198  INFO 4924 --- [restartedMain] .e.DevToolsPropertyDefaultsPostProcessor : Devtools property defaults active! Set 'spring.devtools.add-properties' to 'false' to disable
2020-01-09 21:53:55.199  INFO 4924 --- [restartedMain] .e.DevToolsPropertyDefaultsPostProcessor : For additional web related logging consider setting the 'logging.level.web' property to 'DEBUG'
2020-01-09 21:54:00.731  INFO 4924 --- [restartedMain] .s.d.r.c.RepositoryConfigurationDelegate : Multiple Spring Data modules found, entering strict repository configuration mode!
2020-01-09 21:54:00.737  INFO 4924 --- [restartedMain] .s.d.r.c.RepositoryConfigurationDelegate : Bootstrapping Spring Data repositories in DEFAULT mode.
2020-01-09 21:54:00.970  INFO 4924 --- [restartedMain] .s.d.r.c.RepositoryConfigurationDelegate : Finished Spring Data repository scanning in 121ms. Found 0 repository interfaces.
2020-01-09 21:54:03.636  INFO 4924 --- [restartedMain] trationDelegate$BeanPostProcessorChecker : Bean 'org.springframework.transaction.annotation.ProxyTransactionManagementConfiguration' of type [org.springframework.transaction.annotation.ProxyTransactionManagementConfiguration] is not eligible for getting processed by all BeanPostProcessors (for example: not eligible for auto-proxying)
2020-01-09 21:54:06.652  INFO 4924 --- [restartedMain] o.s.b.w.embedded.tomcat.TomcatWebServer  : Tomcat initialized with port(s): 80 (http)
2020-01-09 21:54:06.765  INFO 4924 --- [restartedMain] o.apache.catalina.core.StandardService   : Starting service [Tomcat]
2020-01-09 21:54:06.766  INFO 4924 --- [restartedMain] org.apache.catalina.core.StandardEngine  : Starting Servlet engine: [Apache Tomcat/9.0.27]
2020-01-09 21:54:07.247  INFO 4924 --- [restartedMain] o.a.c.c.C.[Tomcat].[localhost].[/]       : Initializing Spring embedded WebApplicationContext
2020-01-09 21:54:07.247  INFO 4924 --- [restartedMain] o.s.web.context.ContextLoader            : Root WebApplicationContext: initialization completed in 11985 ms
2020-01-09 21:54:17.270  INFO 4924 --- [restartedMain] o.s.s.concurrent.ThreadPoolTaskExecutor  : Initializing ExecutorService 'applicationTaskExecutor'
2020-01-09 21:54:20.010  INFO 4924 --- [restartedMain] o.s.b.d.a.OptionalLiveReloadServer       : LiveReload server is running on port 35729
2020-01-09 21:54:20.254  INFO 4924 --- [restartedMain] o.s.b.w.embedded.tomcat.TomcatWebServer  : Tomcat started on port(s): 80 (http) with context path ''
2020-01-09 21:54:20.289  INFO 4924 --- [restartedMain] cn.smm.zy.ZyApplication                  : Started ZyApplication in 30.728 seconds (JVM running for 38.785)
2020-01-09 21:54:32.883  INFO 4924 --- [http-nio-80-exec-2] o.a.c.c.C.[Tomcat].[localhost].[/]       : Initializing Spring DispatcherServlet 'dispatcherServlet'
2020-01-09 21:54:32.891  INFO 4924 --- [http-nio-80-exec-2] o.s.web.servlet.DispatcherServlet        : Initializing Servlet 'dispatcherServlet'
2020-01-09 21:54:33.043  INFO 4924 --- [http-nio-80-exec-2] o.s.web.servlet.DispatcherServlet        : Completed initialization in 151 ms
2020-01-09 21:54:33.614  INFO 4924 --- [http-nio-80-exec-2] com.zaxxer.hikari.HikariDataSource       : HikariPool-1 - Starting...
2020-01-09 21:54:36.683  INFO 4924 --- [http-nio-80-exec-2] com.zaxxer.hikari.HikariDataSource       : HikariPool-1 - Start completed.
2020-01-09 21:54:37.545  INFO 4924 --- [http-nio-80-exec-2] io.lettuce.core.EpollProvider            : Starting without optional epoll library
2020-01-09 21:54:37.548  INFO 4924 --- [http-nio-80-exec-2] io.lettuce.core.KqueueProvider           : Starting without optional kqueue library
